Tyson Cung[10154727766860598]: https://fb.com/1415192401896193_1444203542328412/?comment_id=1444881782260588
Lê Sơn[763983850428478]: https://fb.com/1415192401896193_1444203542328412/?comment_id=1444891788926254
Cong Van[297634990676129]: https://fb.com/1415192401896193_1444082892340477/?comment_id=1444133509002082
Nguyễn Chí Giang[1482974088423567]: https://fb.com/1415192401896193_1446301082118658/?comment_id=1446802288735204
Paul Tran Van Minh[1949590061924225]: https://fb.com/1415192401896193_1444030179012415/?comment_id=1444031365678963
Văn Lanh[983267338476327]: https://fb.com/1415192401896193_1444030179012415/?comment_id=1444037812344985
⁯⁯⁯⁯⁯⁯⁯⁯⁯⁯⁯⁯⁯⁯⁯⁯⁯⁯⁯⁯⁯⁯⁯⁯⁯⁯⁯⁯⁯⁯⁯⁯⁯⁯⁯⁯⁯⁯⁯⁯⁯⁯⁯⁯⁯⁯⁯⁯⁯⁯⁯⁯⁯⁯⁯⁯⁯⁯⁯⁯⁯⁯⁯⁯⁯⁯⁯⁯⁯⁯⁯⁯⁯⁯⁯⁯⁯⁯⁯⁯⁯⁯⁯⁯⁯⁯⁯⁯⁯⁯⁯⁯⁯⁯⁯⁯⁯⁯⁯⁯⁯⁯⁯⁯⁯⁯⁯⁯⁯⁯⁯⁯⁯⁯⁯⁯⁯⁯⁯⁯⁯⁯⁯⁯⁯⁯⁯⁯⁯⁯⁯⁯⁯⁯⁯⁯⁯⁯⁯⁯⁯⁯⁯⁯⁯⁯⁯⁯⁯⁯⁯⁯⁯⁯⁯⁯⁯⁯⁯⁯⁯⁯⁯⁯⁯⁯⁯⁯⁯⁯[1928946820650952]: https://fb.com/1415192401896193_1444030179012415/?comment_id=1444038125678287
Lê Tuấn Thành[1872747716279616]: https://fb.com/1415192401896193_1444030179012415/?comment_id=1444038542344912
Đạt Ngọc Huỳnh[1387247557996331]: https://fb.com/1415192401896193_1444030179012415/?comment_id=1444047965677303
Tuấn Khải[1050628625069129]: https://fb.com/1415192401896193_1444030179012415/?comment_id=1444049682343798
Công Thanh[930363460436055]: https://fb.com/1415192401896193_1444030179012415/?comment_id=1444054299010003
Bắc Nguyễn[777247382431472]: https://fb.com/1415192401896193_1444030179012415/?comment_id=1444086469006786
Hoa Tú[1650014118359979]: https://fb.com/1415192401896193_1444030179012415/?comment_id=1444088929006540
Sơn Phan Trường[1062666993833838]: https://fb.com/1415192401896193_1444030179012415/?comment_id=1444090462339720
Cong Van[297634990676129]: https://fb.com/1415192401896193_1444030179012415/?comment_id=1444135175668582
Chu Minh Quân[207658763067573]: https://fb.com/1415192401896193_1439251026156997/?comment_id=1440067836075316
Trần Thanh Tuấn[1077433135722844]: https://fb.com/1415192401896193_1444786385603461/?comment_id=1444808168934616
Hoa Tú[1650014118359979]: https://fb.com/1415192401896193_1444786385603461/?comment_id=1444864905595609
Nguyen Van[1917005461956434]: https://fb.com/1415192401896193_1444786385603461/?comment_id=1444866505595449
Dũng Nguyễn[1212372918861974]: https://fb.com/1415192401896193_1419625814786185/?comment_id=1419966748085425
Xì Trum[1883670335219441]: https://fb.com/1415192401896193_1419625814786185/?comment_id=1420405584708208
Bắc Nguyễn[777247382431472]: https://fb.com/1415192401896193_1419625814786185/?comment_id=1420956141319819
Hoài An[782402855254241]: https://fb.com/1415192401896193_1419625814786185/?comment_id=1425235267558573
Nguyễn Trung Hậu[295974600857266]: https://fb.com/1415192401896193_1419625814786185/?comment_id=1429230410492392
Công Thanh[930363460436055]: https://fb.com/1415192401896193_1419625814786185/?comment_id=1431238423624924
Mss ER[332887443828204]: https://fb.com/1415192401896193_1419625814786185/?comment_id=1431240053624761
Hải Minh Nguyễn[1477375445660473]: https://fb.com/1415192401896193_1419625814786185/?comment_id=1435493499866083
Mạnh Nguyễn[1283248728452308]: https://fb.com/1415192401896193_1419625814786185/?comment_id=1438137719601661
Tai Vu[2285371948353673]: https://fb.com/1415192401896193_1425628260852607/?comment_id=1425630350852398
Nguyễn Đức Quang[452753061732251]: https://fb.com/1415192401896193_1425628260852607/?comment_id=1425652040850229
Bắc Nguyễn[777247382431472]: https://fb.com/1415192401896193_1425628260852607/?comment_id=1426015704147196
Nguyễn Hồng Khanh[670472676474932]: https://fb.com/1415192401896193_1425628260852607/?comment_id=1426575574091209
Nguyễn Trung Hậu[295974600857266]: https://fb.com/1415192401896193_1425628260852607/?comment_id=1429244857157614
Cong Van[297634990676129]: https://fb.com/1415192401896193_1425628260852607/?comment_id=1443269315755168
Đinh Xuân Khánh[1064036403740319]: https://fb.com/1415192401896193_1421720837910016/?comment_id=1432147256867374
Chu Minh Quân[207658763067573]: https://fb.com/1415192401896193_1421720837910016/?comment_id=1444992782249488
Lê Minh Tài[1212169695547053]: https://fb.com/1415192401896193_1419254424823324/?comment_id=1419269738155126
Tạ Văn Dũng[1942818269300021]: https://fb.com/1415192401896193_1419254424823324/?comment_id=1424428417639258
Nguyễn Đức Tài[652444854941767]: https://fb.com/1415192401896193_1419254424823324/?comment_id=1425479730867460
Thành Anh[1703963489900920]: https://fb.com/1415192401896193_1419254424823324/?comment_id=1426027290812704
Nguyễn Trung Hậu[295974600857266]: https://fb.com/1415192401896193_1419254424823324/?comment_id=1429277070487726
Võ Ngọc Phát[313750745726151]: https://fb.com/1415192401896193_1420029008079199/?comment_id=1427046354044131
Bảo Trung[296306307459176]: https://fb.com/1415192401896193_1420029008079199/?comment_id=1427122807369819
Nguyễn Trung Hậu[295974600857266]: https://fb.com/1415192401896193_1420029008079199/?comment_id=1429268727155227
Thảo Nguyên[841835032640862]: https://fb.com/1415192401896193_1433051506776949/?comment_id=1433056236776476
Tuấn Khải[1050628625069129]: https://fb.com/1415192401896193_1424417157640384/?comment_id=1424440724304694
Thảo Nguyên[841835032640862]: https://fb.com/1415192401896193_1424417157640384/?comment_id=1424442200971213
Tai Vu[2285371948353673]: https://fb.com/1415192401896193_1424417157640384/?comment_id=1424461127635987
Paul Tran Van Minh[1949590061924225]: https://fb.com/1415192401896193_1424417157640384/?comment_id=1424462307635869
Paul Tran Van Minh[1949590061924225]: https://fb.com/1415192401896193_1424417157640384/?comment_id=1424686314280135
Nguyen Bao[269633463533944]: https://fb.com/1415192401896193_1424417157640384/?comment_id=1429123070503126
Nguyễn Trung Hậu[295974600857266]: https://fb.com/1415192401896193_1424417157640384/?comment_id=1429251040490329
Bắc Nguyễn[777247382431472]: https://fb.com/1415192401896193_1424417157640384/?comment_id=1435751983173568
Cong Van[297634990676129]: https://fb.com/1415192401896193_1424417157640384/?comment_id=1442636942485072
Paul Tran Van Minh[1949590061924225]: https://fb.com/1415192401896193_1425178520897581/?comment_id=1425591340856299
Nguyễn Đức Quang[452753061732251]: https://fb.com/1415192401896193_1425178520897581/?comment_id=1425655404183226
Bắc Nguyễn[777247382431472]: https://fb.com/1415192401896193_1425178520897581/?comment_id=1431182486963851
Lê Sơn[763983850428478]: https://fb.com/1415192401896193_1425178520897581/?comment_id=1434614539953979
Cong Van[297634990676129]: https://fb.com/1415192401896193_1425178520897581/?comment_id=1442612379154195
Tất Đức Đào[462391300827263]: https://fb.com/1415192401896193_1425178520897581/?comment_id=1445432522205514
Phú[1260327710750770]: https://fb.com/1415192401896193_1422835254465241/?comment_id=1430494823699284
Xì Trum[1883670335219441]: https://fb.com/1415192401896193_1420340024714764/?comment_id=1420404138041686
Vin Lê[662497507281762]: https://fb.com/1415192401896193_1420340024714764/?comment_id=1420531871362246
Nguyễn Trung Hậu[295974600857266]: https://fb.com/1415192401896193_1420340024714764/?comment_id=1429278200487613
Điều Gì Đó[1582609521758201]: https://fb.com/1415192401896193_1420340024714764/?comment_id=1429537757128324
Nguyễn Trung Hậu[295974600857266]: https://fb.com/1415192401896193_1422051761210257/?comment_id=1429281767153923
Hoài An[782402855254241]: https://fb.com/1415192401896193_1425487400866693/?comment_id=1425489477533152
Cong Van[297634990676129]: https://fb.com/1415192401896193_1425487400866693/?comment_id=1442633149152118
Điều Gì Đó[1582609521758201]: https://fb.com/1415192401896193_1430558397026260/?comment_id=1430568757025224
Công Thanh[930363460436055]: https://fb.com/1415192401896193_1430558397026260/?comment_id=1431237660291667
Bắc Nguyễn[777247382431472]: https://fb.com/1415192401896193_1430810950334338/?comment_id=1430811890334244
Bảo Trung[296306307459176]: https://fb.com/1415192401896193_1434804726601627/?comment_id=1434821649933268
⁯⁯⁯⁯⁯⁯⁯⁯⁯⁯⁯⁯⁯⁯⁯⁯⁯⁯⁯⁯⁯⁯⁯⁯⁯⁯⁯⁯⁯⁯⁯⁯⁯⁯⁯⁯⁯⁯⁯⁯⁯⁯⁯⁯⁯⁯⁯⁯⁯⁯⁯⁯⁯⁯⁯⁯⁯⁯⁯⁯⁯⁯⁯⁯⁯⁯⁯⁯⁯⁯⁯⁯⁯⁯⁯⁯⁯⁯⁯⁯⁯⁯⁯⁯⁯⁯⁯⁯⁯⁯⁯⁯⁯⁯⁯⁯⁯⁯⁯⁯⁯⁯⁯⁯⁯⁯⁯⁯⁯⁯⁯⁯⁯⁯⁯⁯⁯⁯⁯⁯⁯⁯⁯⁯⁯⁯⁯⁯⁯⁯⁯⁯⁯⁯⁯⁯⁯⁯⁯⁯⁯⁯⁯⁯⁯⁯⁯⁯⁯⁯⁯⁯⁯⁯⁯⁯⁯⁯⁯⁯⁯⁯⁯⁯⁯⁯⁯⁯⁯⁯[1928946820650952]: https://fb.com/1415192401896193_1434804726601627/?comment_id=1434850133263753
Bắc Nguyễn[777247382431472]: https://fb.com/1415192401896193_1434804726601627/?comment_id=1434885833260183
Lê Sơn[763983850428478]: https://fb.com/1415192401896193_1434804726601627/?comment_id=1434909449924488
Quốc Tuấn Đặng[666870143500170]: https://fb.com/1415192401896193_1434804726601627/?comment_id=1435334376548662
Nguyễn Hà[1902993916693285]: https://fb.com/1415192401896193_1434804726601627/?comment_id=1435547726527327
Minh Quang Minh[1298449700209100]: https://fb.com/1415192401896193_1434804726601627/?comment_id=1435567119858721
Bùi Khôi [348037168967542]: https://fb.com/1415192401896193_1434804726601627/?comment_id=1436403226441777
Tất Đức Đào[462391300827263]: https://fb.com/1415192401896193_1434804726601627/?comment_id=1442587185823381
Cong Van[297634990676129]: https://fb.com/1415192401896193_1434804726601627/?comment_id=1442616975820402
Sống Cho Ngày Mai[424683701227187]: https://fb.com/1415192401896193_1434804726601627/?comment_id=1442635455818554
Tuấn Khải[1050628625069129]: https://fb.com/1415192401896193_1434804726601627/?comment_id=1442718875810212
Bắc Nguyễn[777247382431472]: https://fb.com/1415192401896193_1420383901377043/?comment_id=1420956747986425
Thân Trọng Trí[964553370360850]: https://fb.com/1415192401896193_1420383901377043/?comment_id=1421340431281390
Cong Van[297634990676129]: https://fb.com/1415192401896193_1420383901377043/?comment_id=1442634465818653
Chu Minh Quân[207658763067573]: https://fb.com/1415192401896193_1420383901377043/?comment_id=1445635948851838
Vin Lê[662497507281762]: https://fb.com/1415192401896193_1419277991487634/?comment_id=1420035371411896
Nguyễn Trung Hậu[295974600857266]: https://fb.com/1415192401896193_1419277991487634/?comment_id=1429287317153368
Quang Thái[1319078858161480]: https://fb.com/1415192401896193_1419277991487634/?comment_id=1429789247103175
Hải Minh Nguyễn[1477375445660473]: https://fb.com/1415192401896193_1422854667796633/?comment_id=1435495299865903
Đinh Xuân Khánh[1064036403740319]: https://fb.com/1415192401896193_1420085148073585/?comment_id=1432165376865562
Bắc Nguyễn[777247382431472]: https://fb.com/1415192401896193_1420085148073585/?comment_id=1434042850011148
Trần Thanh Tuấn[1077433135722844]: https://fb.com/1415192401896193_1420085148073585/?comment_id=1443611195720980
Bin Go[267078367090580]: https://fb.com/1415192401896193_1420085148073585/?comment_id=1443918365690263
Trần Sơn Hải[681428622055228]: https://fb.com/1415192401896193_1417569508325149/?comment_id=1422992574449509
Võ Ngọc Phát[313750745726151]: https://fb.com/1415192401896193_1417569508325149/?comment_id=1427031410712292
Kiên Phạm[738109839709094]: https://fb.com/1415192401896193_1417569508325149/?comment_id=1429162863832480
Nguyễn Trung Hậu[295974600857266]: https://fb.com/1415192401896193_1417569508325149/?comment_id=1429254090490024
Thân Trọng Trí[964553370360850]: https://fb.com/1415192401896193_1422831344465632/?comment_id=1422865024462264
Nguyễn Trung Hậu[295974600857266]: https://fb.com/1415192401896193_1422831344465632/?comment_id=1429274420487991
Công Thanh[930363460436055]: https://fb.com/1415192401896193_1422831344465632/?comment_id=1444166062332160
Vũ Tiến Quốc[1917185245185419]: https://fb.com/1415192401896193_1422831344465632/?comment_id=1444640642284702
Huỳnh Văn Một[1712535158763037]: https://fb.com/1415192401896193_1434699039945529/?comment_id=1434746889940744
Tuấn Khải[1050628625069129]: https://fb.com/1415192401896193_1434699039945529/?comment_id=1434821613266605
Nguyễn Thái Hải[842935949189741]: https://fb.com/1415192401896193_1434699039945529/?comment_id=1434824973266269
Hải Minh Nguyễn[1477375445660473]: https://fb.com/1415192401896193_1434699039945529/?comment_id=1435492419866191
Bắc Nguyễn[777247382431472]: https://fb.com/1415192401896193_1434699039945529/?comment_id=1435740589841374
Lê Tuấn Thành[1872747716279616]: https://fb.com/1415192401896193_1439782632770503/?comment_id=1439941022754664
Paul Tran Van Minh[1949590061924225]: https://fb.com/1415192401896193_1432541930161240/?comment_id=1432547620160671
Đỗ Thành Đức[1854513474787545]: https://fb.com/1415192401896193_1432541930161240/?comment_id=1432548700160563
Thảo Nguyên[841835032640862]: https://fb.com/1415192401896193_1432541930161240/?comment_id=1432550503493716
Hải Minh Nguyễn[1477375445660473]: https://fb.com/1415192401896193_1432541930161240/?comment_id=1435495616532538
Cong Van[297634990676129]: https://fb.com/1415192401896193_1432541930161240/?comment_id=1442623792486387
Trần Thanh Tuấn[1077433135722844]: https://fb.com/1415192401896193_1432541930161240/?comment_id=1444113879004045
Nguyễn Trung Hậu[295974600857266]: https://fb.com/1415192401896193_1422832647798835/?comment_id=1429279100487523
Công Thanh[930363460436055]: https://fb.com/1415192401896193_1422832647798835/?comment_id=1444178348997598
Nguyễn Đình Nghiệp[875238305952553]: https://fb.com/1415192401896193_1420937071321726/?comment_id=1421690284579738
Nguyễn Hà Anh Phong[2010623689161289]: https://fb.com/1415192401896193_1420937071321726/?comment_id=1438235899591843
Cong Van[297634990676129]: https://fb.com/1415192401896193_1420937071321726/?comment_id=1442617515820348
Trần Thanh Tuấn[1077433135722844]: https://fb.com/1415192401896193_1420075551407878/?comment_id=1444112889004144
Nguyễn Kim[1655826024490463]: https://fb.com/1415192401896193_1442451199170313/?comment_id=1442559395826160
Nguyễn Đức Quang[452753061732251]: https://fb.com/1415192401896193_1425712787510821/?comment_id=1425763477505752
Lê Minh Tài[1212169695547053]: https://fb.com/1415192401896193_1425712787510821/?comment_id=1425938397488260
Paul Tran Van Minh[1949590061924225]: https://fb.com/1415192401896193_1425712787510821/?comment_id=1426134524135314
Hoàng Quốc Cường[1389134794487142]: https://fb.com/1415192401896193_1425712787510821/?comment_id=1426238644124902
Tai Vu[2285371948353673]: https://fb.com/1415192401896193_1425712787510821/?comment_id=1427961860619247
Nguyễn Trung Hậu[295974600857266]: https://fb.com/1415192401896193_1425712787510821/?comment_id=1429262333822533
Bắc Nguyễn[777247382431472]: https://fb.com/1415192401896193_1425712787510821/?comment_id=1435748846507215
Cong Van[297634990676129]: https://fb.com/1415192401896193_1429203343828432/?comment_id=1442629049152528
Cong Van[297634990676129]: https://fb.com/1415192401896193_1422836604465106/?comment_id=1442618929153540
Quân Bùi[1837968119860439]: https://fb.com/1415192401896193_1420260938056006/?comment_id=1425765824172184
Bảo Trung[296306307459176]: https://fb.com/1415192401896193_1420260938056006/?comment_id=1427128007369299
Nguyễn Trung Hậu[295974600857266]: https://fb.com/1415192401896193_1420260938056006/?comment_id=1429255633823203
Phùng Ngọc Huyến[1874922176159091]: https://fb.com/1415192401896193_1440645219350911/?comment_id=1440648712683895
Thanh Lâm[1868147860112282]: https://fb.com/1415192401896193_1440645219350911/?comment_id=1441415305940569
Hoài An[782402855254241]: https://fb.com/1415192401896193_1417631864985580/?comment_id=1430569443691822
Công Thanh[930363460436055]: https://fb.com/1415192401896193_1417631864985580/?comment_id=1431242946957805
Mai Hoàng[688766794646198]: https://fb.com/1415192401896193_1417631864985580/?comment_id=1431379113610855
Bắc Nguyễn[777247382431472]: https://fb.com/1415192401896193_1417631864985580/?comment_id=1435753663173400
Bảo Trung[296306307459176]: https://fb.com/1415192401896193_1418497388232361/?comment_id=1427124950702938
Nguyễn Trung Hậu[295974600857266]: https://fb.com/1415192401896193_1418497388232361/?comment_id=1429272873821479
Công Thanh[930363460436055]: https://fb.com/1415192401896193_1418497388232361/?comment_id=1431244463624320
Huy Nguyễn[1376814109044091]: https://fb.com/1415192401896193_1433042013444565/?comment_id=1441543209261112
Huỳnh Hữu Lý[1298145776942991]: https://fb.com/1415192401896193_1427093760706057/?comment_id=1429623980453035
Phùng Tuấn [2083629075197044]: https://fb.com/1415192401896193_1424854054263361/?comment_id=1425735557508544
Leo Tonny[1044692589001358]: https://fb.com/1415192401896193_1434078956674204/?comment_id=1434079163340850
Nguyễn Hà Anh Phong[2010623689161289]: https://fb.com/1415192401896193_1428773913871375/?comment_id=1428787200536713
Bắc Nguyễn[777247382431472]: https://fb.com/1415192401896193_1428773913871375/?comment_id=1428802467201853
Nhật Vinh[1075439979253979]: https://fb.com/1415192401896193_1428773913871375/?comment_id=1428802720535161
Điều Gì Đó[1582609521758201]: https://fb.com/1415192401896193_1428773913871375/?comment_id=1429536863795080
Bảo Trung[296306307459176]: https://fb.com/1415192401896193_1428773913871375/?comment_id=1429648930450540
Bùi Minh Phúc[1271739536266972]: https://fb.com/1415192401896193_1421731834575583/?comment_id=1421737931241640
Tuyên Trung[1288854417899946]: https://fb.com/1415192401896193_1421731834575583/?comment_id=1421765881238845
Thân Trọng Trí[964553370360850]: https://fb.com/1415192401896193_1421731834575583/?comment_id=1421827571232676
Bảo Trung[296306307459176]: https://fb.com/1415192401896193_1421731834575583/?comment_id=1427120494036717
Đinh Xuân Khánh[1064036403740319]: https://fb.com/1415192401896193_1417737338308366/?comment_id=1432169496865150
Võ Ngọc Phát[313750745726151]: https://fb.com/1415192401896193_1425495730865860/?comment_id=1427027394046027
Nguyễn Trung Hậu[295974600857266]: https://fb.com/1415192401896193_1425495730865860/?comment_id=1429270473821719
Đinh Xuân Khánh[1064036403740319]: https://fb.com/1415192401896193_1425495730865860/?comment_id=1432148913533875
Bắc Nguyễn[777247382431472]: https://fb.com/1415192401896193_1420933774655389/?comment_id=1420954121320021
Khương Duy[1919204588308550]: https://fb.com/1415192401896193_1430577760357657/?comment_id=1431178676964232
Mai Quốc Khánh[295717450892525]: https://fb.com/1415192401896193_1430577760357657/?comment_id=1431232253625541
Công Thanh[930363460436055]: https://fb.com/1415192401896193_1430577760357657/?comment_id=1431236276958472
Mss ER[332887443828204]: https://fb.com/1415192401896193_1430577760357657/?comment_id=1431238610291572
Thái Hữu Phát[1281901071895707]: https://fb.com/1415192401896193_1430626267019473/?comment_id=1430891853659581
Đạt Ngọc Huỳnh[1387247557996331]: https://fb.com/1415192401896193_1430349367047163/?comment_id=1430472527034847
Long Kim Tran[1562956993755035]: https://fb.com/1415192401896193_1430349367047163/?comment_id=1430475997034500
Nguyen Tran[2044722745751569]: https://fb.com/1415192401896193_1430349367047163/?comment_id=1430851466996953
Điều Gì Đó[1582609521758201]: https://fb.com/1415192401896193_1419347731480660/?comment_id=1429567823791984
Paul Tran Van Minh[1949590061924225]: https://fb.com/1415192401896193_1426042224144544/?comment_id=1426065957475504
Tai Vu[2285371948353673]: https://fb.com/1415192401896193_1421103104638456/?comment_id=1421293437952756
Tuyên Trung[1288854417899946]: https://fb.com/1415192401896193_1421103104638456/?comment_id=1421354141280019